SF:lib\features\auth\api\data_source_impl\auth_remote_data_source_impl.dart
DA:21,1
DA:23,1
DA:24,2
DA:25,1
DA:26,1
DA:27,1
DA:28,0
DA:30,0
DA:32,0
DA:33,0
DA:34,0
DA:35,0
DA:36,0
DA:40,0
DA:43,1
DA:60,2
DA:76,1
DA:77,1
DA:78,2
DA:80,2
DA:84,1
DA:87,2
DA:89,1
DA:90,2
DA:92,2
DA:96,1
DA:99,2
DA:100,1
DA:101,1
DA:102,1
DA:103,1
DA:105,2
DA:109,0
DA:114,0
DA:117,0
DA:118,0
DA:119,0
DA:120,0
DA:122,0
DA:126,0
DA:131,0
DA:134,0
DA:135,0
DA:136,0
DA:137,0
DA:139,0
DA:143,0
DA:148,0
DA:151,0
DA:152,0
DA:153,0
DA:154,0
DA:156,0
DA:160,0
DA:162,0
LF:55
LH:24
end_of_record
SF:lib\features\auth\data\models\login\login_request.dart
DA:12,2
DA:14,0
DA:15,0
DA:18,0
DA:19,0
LF:5
LH:1
end_of_record
SF:lib\features\auth\api\api_client\apply_api_client.dart
DA:13,0
DA:15,0
DA:30,0
DA:46,0
DA:48,0
DA:51,0
DA:52,0
DA:53,0
LF:8
LH:0
end_of_record
SF:lib\features\profile\domain\entity\user_entity.dart
DA:16,4
LF:1
LH:1
end_of_record
SF:lib\features\profile\domain\usecases\get_profile_data_usecase.dart
DA:11,1
DA:13,1
DA:14,2
LF:3
LH:3
end_of_record
SF:lib\features\profile\presentation\viewmodel\profile_viewmodel.dart
DA:13,6
DA:17,1
DA:18,2
DA:20,2
DA:23,2
DA:26,2
DA:27,1
DA:28,2
DA:29,2
DA:30,2
DA:33,0
DA:37,1
DA:38,1
DA:39,2
LF:14
LH:13
end_of_record
SF:lib\features\profile\presentation\viewmodel\states\profile_states.dart
DA:12,2
DA:18,2
LF:2
LH:2
end_of_record
SF:lib\features\auth\domain\entities\apply_entites\driver_entity.dart
DA:11,2
LF:1
LH:1
end_of_record
SF:lib\features\auth\domain\entities\apply_entites\vehicle_enitity.dart
DA:8,0
LF:1
LH:0
end_of_record
SF:lib\features\auth\data\repo_impl\auth_repo_impl.dart
DA:17,2
DA:19,1
DA:35,2
DA:41,1
DA:43,1
DA:51,1
DA:52,1
DA:53,1
DA:54,1
DA:55,1
DA:56,1
DA:57,1
DA:58,1
DA:59,1
DA:63,0
DA:65,0
DA:67,0
DA:68,0
DA:69,0
DA:70,0
DA:71,0
DA:72,0
DA:73,0
DA:75,0
DA:78,0
DA:80,0
DA:83,1
DA:85,1
DA:86,2
DA:89,1
DA:91,1
DA:92,2
DA:95,1
DA:100,1
DA:104,2
DA:107,0
DA:109,0
LF:37
LH:23
end_of_record
SF:lib\features\auth\domain\usecases\apply\apply_driver_usecase.dart
DA:9,1
DA:11,1
DA:26,2
LF:3
LH:3
end_of_record
SF:lib\features\auth\domain\usecases\forget_password_usecase.dart
DA:9,1
DA:11,1
DA:12,2
LF:3
LH:3
end_of_record
SF:lib\features\auth\domain\usecases\reset_password_usecase.dart
DA:9,1
DA:11,1
DA:12,2
LF:3
LH:3
end_of_record
SF:lib\features\auth\domain\usecases\verify_code_usecase.dart
DA:9,1
DA:11,1
DA:12,2
LF:3
LH:3
end_of_record
SF:lib\features\auth\domain\usecases\login_usecase\login_usecase.dart
DA:11,0
DA:13,0
DA:14,0
LF:3
LH:0
end_of_record
SF:lib\features\auth\presentation\login\cubit\login_cubit.dart
DA:13,3
DA:18,1
DA:19,1
DA:20,2
DA:23,1
DA:24,2
DA:26,1
DA:27,1
DA:28,1
DA:31,2
DA:32,1
DA:33,0
DA:34,0
DA:35,0
DA:37,0
DA:39,1
DA:40,3
DA:45,1
DA:47,2
DA:48,2
DA:49,1
LF:21
LH:17
end_of_record
SF:lib\features\auth\presentation\login\cubit\login_states.dart
DA:11,1
LF:1
LH:1
end_of_record
SF:lib\features\auth\domain\services\auth_services.dart
DA:8,0
DA:9,0
DA:12,0
DA:13,0
DA:16,0
DA:17,0
DA:20,0
DA:21,0
DA:22,0
DA:26,0
DA:27,0
DA:28,0
DA:31,0
DA:32,0
DA:34,0
DA:37,0
DA:38,0
DA:41,0
DA:42,0
DA:43,0
DA:44,0
DA:51,0
LF:22
LH:0
end_of_record
SF:lib\features\auth\presentation\forget_password\presentation\viewmodel\forget_password_viewmodel.dart
DA:12,1
DA:13,2
DA:18,1
DA:19,3
DA:20,2
DA:21,1
DA:22,2
DA:26,0
DA:27,0
DA:28,0
DA:30,0
DA:31,0
DA:32,0
DA:34,0
DA:38,1
DA:40,2
DA:41,1
LF:17
LH:10
end_of_record
SF:lib\features\auth\presentation\forget_password\presentation\viewmodel\states\forget_password_states.dart
DA:11,0
LF:1
LH:0
end_of_record
SF:lib\features\homescreen\api\data_sources_impl\home_remote_datasource_impl.dart
DA:14,1
DA:16,1
DA:17,2
DA:18,1
DA:19,1
DA:20,1
DA:21,0
DA:23,0
DA:25,0
DA:26,0
DA:27,0
DA:28,0
DA:29,0
DA:33,0
DA:36,1
DA:39,2
DA:44,1
DA:45,2
DA:47,2
LF:19
LH:11
end_of_record
SF:lib\features\homescreen\data\repositories\home_repo_impl.dart
DA:17,1
DA:19,1
DA:21,2
DA:24,2
DA:26,0
DA:27,0
DA:28,0
DA:29,0
DA:30,0
DA:31,0
DA:35,0
DA:36,0
DA:43,0
DA:44,0
DA:46,0
DA:47,0
DA:49,0
DA:51,0
DA:52,0
DA:53,0
DA:54,0
DA:55,0
DA:56,0
DA:57,0
DA:58,0
DA:59,0
DA:60,0
DA:61,0
DA:64,0
DA:65,0
DA:66,0
DA:67,0
DA:68,0
DA:69,0
DA:70,0
DA:71,0
DA:72,0
DA:73,0
DA:74,0
DA:75,0
DA:77,0
DA:78,0
DA:80,1
DA:82,1
DA:83,2
DA:84,2
DA:85,2
DA:86,2
DA:89,1
DA:90,1
DA:96,0
DA:97,0
DA:99,0
DA:101,0
LF:54
LH:12
end_of_record
SF:lib\features\homescreen\domain\entities\meta_data_entity.dart
DA:7,2
LF:1
LH:1
end_of_record
SF:lib\features\homescreen\domain\entities\order_entity.dart
DA:20,2
DA:36,0
DA:51,0
DA:52,0
DA:53,0
DA:54,0
DA:55,0
DA:56,0
DA:57,0
DA:58,0
DA:59,0
DA:60,0
DA:61,0
DA:62,0
DA:63,0
DA:64,0
LF:16
LH:1
end_of_record
SF:lib\features\homescreen\domain\entities\order_item_entity.dart
DA:9,1
LF:1
LH:1
end_of_record
SF:lib\features\homescreen\domain\entities\product_entity.dart
DA:21,1
LF:1
LH:1
end_of_record
SF:lib\features\homescreen\domain\entities\store_entity.dart
DA:8,2
LF:1
LH:1
end_of_record
SF:lib\features\homescreen\domain\entities\user_entity.dart
DA:10,2
LF:1
LH:1
end_of_record
SF:lib\features\homescreen\domain\use_cases\get_order_usecase.dart
DA:10,1
DA:12,1
DA:13,2
LF:3
LH:3
end_of_record
SF:lib\features\homescreen\presentation\view\home_screen.dart
DA:13,1
DA:15,1
DA:17,1
DA:19,1
DA:20,1
DA:21,1
DA:22,1
DA:24,4
DA:27,1
DA:28,1
DA:29,1
DA:30,1
DA:31,0
DA:33,0
DA:34,0
DA:35,0
DA:37,0
DA:38,0
DA:39,0
DA:41,0
DA:42,0
DA:43,0
DA:48,0
DA:49,0
DA:50,0
DA:51,0
DA:53,0
DA:54,0
DA:61,0
DA:63,0
LF:30
LH:12
end_of_record
SF:lib\features\homescreen\presentation\viewmodel\home_cubit.dart
DA:12,0
DA:24,0
DA:25,0
DA:27,0
DA:28,0
DA:30,0
DA:31,0
DA:32,0
DA:35,0
DA:36,0
DA:37,0
DA:39,0
DA:43,0
DA:44,0
DA:45,0
DA:48,0
DA:49,0
DA:50,0
DA:52,0
DA:53,0
DA:54,0
LF:21
LH:0
end_of_record
SF:lib\features\homescreen\presentation\viewmodel\home_states.dart
DA:11,0
DA:16,1
LF:2
LH:1
end_of_record
SF:lib\features\homescreen\presentation\widgets\order_container_widget.dart
DA:20,0
DA:26,0
DA:28,0
DA:29,0
DA:30,0
DA:32,0
DA:33,0
DA:35,0
DA:36,0
DA:37,0
DA:38,0
DA:40,0
DA:41,0
DA:42,0
DA:43,0
DA:50,0
DA:52,0
DA:53,0
DA:54,0
DA:55,0
DA:63,0
DA:65,0
DA:66,0
DA:67,0
DA:68,0
DA:69,0
DA:70,0
DA:73,0
DA:75,0
DA:76,0
DA:77,0
DA:79,0
DA:81,0
DA:84,0
DA:86,0
DA:87,0
DA:88,0
DA:89,0
DA:98,0
DA:100,0
DA:101,0
DA:102,0
DA:103,0
DA:104,0
DA:106,0
DA:108,0
DA:115,0
DA:118,0
DA:119,0
DA:121,0
DA:122,0
DA:123,0
DA:124,0
DA:126,0
DA:129,0
DA:130,0
DA:131,0
DA:134,0
DA:135,0
DA:136,0
DA:138,0
DA:141,0
DA:145,0
DA:146,0
DA:147,0
DA:153,0
DA:160,0
LF:67
LH:0
end_of_record
SF:lib\features\homescreen\presentation\widgets\address_widget.dart
DA:13,1
DA:22,1
DA:24,2
DA:26,1
DA:28,1
DA:30,1
DA:31,1
DA:39,1
DA:40,2
DA:41,2
DA:42,1
DA:44,1
DA:45,1
DA:46,1
DA:47,1
DA:54,1
DA:55,1
DA:56,1
DA:57,1
DA:58,1
DA:59,1
DA:60,1
DA:61,2
DA:62,2
DA:66,1
DA:67,1
DA:70,1
DA:72,1
DA:73,1
DA:79,1
DA:81,1
DA:82,1
DA:83,1
DA:86,1
DA:87,1
DA:88,1
DA:107,1
LF:37
LH:37
end_of_record
SF:lib\features\homescreen\presentation\widgets\get_fall_back_image.dart
DA:9,1
DA:24,1
DA:26,4
DA:28,2
DA:29,1
DA:30,2
DA:31,1
DA:32,1
DA:34,0
DA:35,0
DA:37,0
DA:38,0
DA:45,1
DA:46,1
DA:47,1
DA:48,1
DA:50,1
DA:51,1
DA:52,2
DA:53,1
DA:54,1
LF:21
LH:17
end_of_record
SF:lib\features\onboarding\presentation\view\onboarding_screen.dart
DA:11,1
DA:13,1
DA:15,1
DA:17,1
DA:19,1
DA:20,1
DA:22,1
DA:23,1
DA:25,1
DA:29,1
DA:31,1
DA:32,1
DA:42,1
DA:43,1
DA:45,1
DA:46,1
DA:56,1
DA:58,1
DA:61,1
DA:62,0
DA:63,0
DA:64,0
DA:68,1
DA:71,1
DA:72,1
DA:73,0
DA:74,0
DA:77,1
DA:80,1
DA:81,1
DA:93,0
DA:94,0
DA:98,0
LF:33
LH:25
end_of_record
SF:lib\features\order_details\data\repos\order_details_repo_impl.dart
DA:12,1
DA:14,1
DA:19,1
DA:20,2
LF:4
LH:4
end_of_record
SF:lib\features\order_details\domain\use_cases\update_order_state_usecase.dart
DA:9,1
DA:11,1
DA:15,2
LF:3
LH:3
end_of_record
SF:lib\features\order_details\presentation\cubit\order_details_cubit.dart
DA:25,1
DA:26,2
DA:28,1
DA:29,1
DA:30,2
DA:32,1
DA:34,3
DA:35,4
DA:37,2
DA:39,3
DA:41,0
DA:42,0
DA:46,1
DA:47,2
DA:48,1
DA:49,1
DA:51,3
DA:52,3
DA:54,2
DA:55,2
DA:59,2
DA:60,2
DA:62,1
DA:63,2
DA:66,1
DA:67,2
DA:68,1
DA:72,1
DA:73,1
DA:75,1
DA:77,1
DA:79,1
DA:81,1
DA:84,2
DA:85,1
DA:87,2
DA:88,2
DA:89,3
DA:90,2
DA:93,0
DA:97,1
DA:99,2
DA:100,0
DA:102,2
DA:106,1
DA:108,3
DA:109,1
DA:110,1
DA:111,3
DA:112,2
DA:115,2
DA:116,1
DA:121,1
DA:122,4
DA:125,0
DA:126,0
DA:130,1
DA:131,1
DA:134,1
DA:136,1
DA:138,1
DA:140,1
DA:141,1
DA:148,1
DA:150,1
DA:152,1
DA:154,1
DA:156,1
DA:163,0
DA:164,0
DA:165,0
DA:166,0
DA:168,0
DA:172,0
DA:173,0
DA:175,0
DA:176,0
DA:178,0
DA:179,0
DA:181,0
DA:182,0
DA:183,0
DA:188,1
DA:193,1
DA:194,2
DA:197,2
DA:198,1
DA:199,1
DA:200,1
DA:201,1
DA:202,1
DA:203,2
DA:207,1
DA:208,1
DA:211,0
DA:212,0
LF:96
LH:74
end_of_record
SF:lib\features\auth\domain\usecases\apply\vehicle_usecase.dart
DA:10,0
DA:12,0
DA:13,0
LF:3
LH:0
end_of_record
SF:lib\features\auth\domain\usecases\logout_usecase\logout_usecase.dart
DA:7,0
DA:9,0
DA:10,0
LF:3
LH:0
end_of_record
SF:lib\features\auth\presentation\forget_password\presentation\viewmodel\reset_password_viewmodel.dart
DA:11,0
DA:23,0
DA:24,0
DA:27,0
DA:28,0
DA:29,0
DA:32,0
DA:33,0
DA:34,0
DA:37,0
DA:39,0
DA:40,0
DA:41,0
DA:45,0
DA:46,0
DA:49,0
DA:55,0
DA:56,0
DA:59,0
DA:65,0
DA:66,0
DA:69,0
DA:71,0
DA:72,0
DA:76,0
DA:78,0
DA:80,0
DA:84,0
DA:86,0
DA:87,0
DA:88,0
LF:31
LH:0
end_of_record
SF:lib\features\auth\presentation\forget_password\presentation\viewmodel\verify_code_viewmodel.dart
DA:21,0
DA:22,0
DA:24,0
DA:25,0
DA:28,0
DA:29,0
DA:30,0
DA:33,0
DA:34,0
DA:36,0
DA:37,0
DA:39,0
DA:40,0
DA:41,0
DA:43,0
DA:44,0
DA:48,0
DA:49,0
DA:50,0
DA:51,0
DA:52,0
DA:56,0
DA:57,0
DA:59,0
DA:60,0
DA:64,0
DA:66,0
DA:67,0
DA:68,0
DA:69,0
DA:72,0
DA:75,0
LF:32
LH:0
end_of_record
SF:lib\features\logout\viewmodel\logout_viewmodel.dart
DA:10,0
DA:12,0
DA:13,0
DA:16,0
DA:17,0
DA:19,0
DA:21,0
LF:7
LH:0
end_of_record
SF:lib\features\profile\api\datasource_impl\profile_remote_datasource_impl.dart
DA:19,1
DA:22,1
DA:25,2
DA:26,1
DA:27,1
DA:28,4
DA:30,1
DA:34,1
DA:39,2
DA:44,2
DA:48,1
DA:53,2
DA:54,1
DA:56,2
DA:60,1
DA:63,2
DA:64,1
DA:66,2
LF:18
LH:18
end_of_record
SF:lib\features\profile\change_password\presentation\viewmodel\change_password_viewmodel.dart
DA:14,0
DA:15,0
DA:23,0
DA:24,0
DA:26,0
DA:27,0
DA:28,0
DA:32,0
DA:36,0
DA:37,0
DA:39,0
DA:40,0
DA:41,0
DA:45,0
DA:48,0
LF:15
LH:0
end_of_record
SF:lib\features\profile\data\repositories_impl\profile_repository_impl.dart
DA:17,1
DA:19,1
DA:21,2
DA:24,3
DA:25,1
DA:26,2
DA:27,2
DA:28,2
DA:29,2
DA:30,2
DA:31,2
DA:32,2
DA:33,2
DA:34,2
DA:35,2
DA:36,2
DA:37,2
DA:38,2
DA:41,3
DA:45,1
DA:49,2
DA:52,1
DA:56,2
DA:58,3
DA:59,3
DA:63,1
DA:65,2
LF:27
LH:27
end_of_record
SF:lib\features\profile\domain\usecases\change_password_usecase.dart
DA:11,1
DA:13,1
DA:14,2
LF:3
LH:3
end_of_record
SF:lib\features\profile\domain\usecases\edit_profile_data_usecase.dart
DA:11,1
DA:13,1
DA:16,2
LF:3
LH:3
end_of_record
SF:lib\features\profile\domain\usecases\upload_photo_usecase.dart
DA:11,1
DA:13,1
DA:14,2
LF:3
LH:3
end_of_record
SF:lib\features\profile\presentation\viewmodel\edit_vehicle_viewmodel.dart
DA:14,0
DA:15,0
DA:26,0
DA:27,0
DA:28,0
DA:31,0
DA:32,0
DA:34,0
DA:36,0
DA:39,0
DA:40,0
DA:42,0
DA:43,0
DA:44,0
DA:45,0
DA:47,0
DA:49,0
LF:17
LH:0
end_of_record
SF:lib\firebase_module.dart
DA:6,0
DA:7,0
LF:2
LH:0
end_of_record
SF:lib\features\auth\presentation\forget_password\presentation\viewmodel\states\reset_code_states.dart
DA:11,0
LF:1
LH:0
end_of_record
SF:lib\features\auth\presentation\forget_password\presentation\viewmodel\states\verify_code_states.dart
DA:13,0
LF:1
LH:0
end_of_record
SF:lib\features\logout\viewmodel\logout_states.dart
DA:9,0
DA:14,0
LF:2
LH:0
end_of_record
SF:lib\features\profile\change_password\presentation\viewmodel\states\change_password_states.dart
DA:9,0
DA:15,0
LF:2
LH:0
end_of_record
SF:lib\features\profile\presentation\viewmodel\states\edit_vehicle_states.dart
DA:11,0
DA:16,0
LF:2
LH:0
end_of_record
SF:lib\features\profile\presentation\viewmodel\edit_profile_viewmodel.dart
DA:18,0
DA:19,0
DA:28,0
DA:29,0
DA:30,0
DA:31,0
DA:32,0
DA:33,0
DA:34,0
DA:35,0
DA:36,0
DA:37,0
DA:38,0
DA:39,0
DA:40,0
DA:41,0
DA:42,0
DA:43,0
DA:44,0
DA:45,0
DA:46,0
DA:50,0
DA:51,0
DA:52,0
DA:59,0
DA:60,0
DA:61,0
DA:62,0
DA:63,0
DA:64,0
DA:65,0
DA:67,0
DA:68,0
DA:69,0
DA:70,0
DA:71,0
DA:73,0
DA:77,0
DA:78,0
DA:80,0
DA:82,0
DA:83,0
DA:84,0
DA:85,0
DA:86,0
DA:88,0
DA:92,0
DA:94,0
DA:95,0
DA:96,0
DA:97,0
DA:98,0
LF:52
LH:0
end_of_record
SF:lib\features\profile\presentation\viewmodel\states\edit_profile_states.dart
DA:9,0
DA:14,0
DA:21,0
DA:26,0
LF:4
LH:0
end_of_record